2011/11/17 01:16:40 にビルドを開始しました。
     1>ノード 2 上のプロジェクト "C:\Documents and Settings\虚龍王\My Documents\ユーリティ\Making game\cpp\Hymmnos_Center\Hymmnos_Center.vcxproj" (build ターゲット)。
     1>InitializeBuildStatus:
         "Debug\Hymmnos_Center.unsuccessfulbuild" のタッチ タスクを実行しています。
       ClCompile:
         C:\Program Files\Microsoft Visual Studio 10.0\VC\bin\CL.exe /c /ZI /nologo /W3 /WX- /Od /Oy- /D WIN32 /D _DEBUG /D _CONSOLE /D _UNICODE /D UNICODE /Gm /EHsc /RTC1 /MDd /GS /fp:precise /Zc:wchar_t /Zc:forScope /Fo"Debug\\" /Fd"Debug\vc100.pdb" /Gd /TP /analyze- /errorReport:prompt Hymmnos.cpp
         Hymmnos.cpp
       ManifestResourceCompile:
         すべての出力が最新のものです。
       Link:
         C:\Program Files\Microsoft Visual Studio 10.0\VC\bin\link.exe /ERRORREPORT:PROMPT /OUT:"C:\Documents and Settings\虚龍王\My Documents\ユーリティ\Making game\cpp\Debug\Hymmnos_Center.exe" /INCREMENTAL /NOLOGO kernel32.lib user32.lib gdi32.lib winspool.lib comdlg32.lib advapi32.lib shell32.lib ole32.lib oleaut32.lib uuid.lib odbc32.lib odbccp32.lib /MANIFEST /ManifestFile:"Debug\Hymmnos_Center.exe.intermediate.manifest" /MANIFESTUAC:"level='asInvoker' uiAccess='false'" /DEBUG /PDB:"C:\Documents and Settings\虚龍王\My Documents\ユーリティ\Making game\cpp\Debug\Hymmnos_Center.pdb" /SUBSYSTEM:CONSOLE /TLBID:1 /DYNAMICBASE /NXCOMPAT /IMPLIB:"C:\Documents and Settings\虚龍王\My Documents\ユーリティ\Making game\cpp\Debug\Hymmnos_Center.lib" /MACHINE:X86 Debug\Hymmnos_Center.exe.embed.manifest.res
         Debug\Hymmnos.obj
         Debug\main.obj
       Manifest:
         C:\Program Files\Microsoft SDKs\Windows\v7.0A\bin\mt.exe /nologo /verbose /out:"Debug\Hymmnos_Center.exe.embed.manifest" /manifest Debug\Hymmnos_Center.exe.intermediate.manifest
         すべての出力が最新のものです。
       LinkEmbedManifest:
         すべての出力が最新のものです。
         Hymmnos_Center.vcxproj -> C:\Documents and Settings\虚龍王\My Documents\ユーリティ\Making game\cpp\Debug\Hymmnos_Center.exe
       FinalizeBuildStatus:
         ファイル "Debug\Hymmnos_Center.unsuccessfulbuild" を削除しています。
         "Debug\Hymmnos_Center.lastbuildstate" のタッチ タスクを実行しています。
     1>プロジェクト "C:\Documents and Settings\虚龍王\My Documents\ユーリティ\Making game\cpp\Hymmnos_Center\Hymmnos_Center.vcxproj" (build ターゲット) のビルドが完了しました。

ビルドに成功しました。

経過時間 00:00:04.32
